<?xml version="1.0" encoding="UTF-8" ?>
<testsuite tests="6" failures="0" name="put.io.selenium.atm.AtmCardInfoTest" time="0.003" errors="0" skipped="0">
  <properties>
[...]
</properties>
  <testcase classname="put.io.selenium.atm.AtmCardInfoTest" name="testTryPinIncorrect" time="0.002"/>
  <testcase classname="put.io.selenium.atm.AtmCardInfoTest" name="testTryPinCorrect" time="0"/>
  <testcase classname="put.io.selenium.atm.AtmCardInfoTest" name="testTryWithdraw" time="0.001"/>
  <testcase classname="put.io.selenium.atm.AtmCardInfoTest" name="testTryPinCardLocked" time="0"/>
  <testcase classname="put.io.selenium.atm.AtmCardInfoTest" name="testCardOut" time="0"/>
  <testcase classname="put.io.selenium.atm.AtmCardInfoTest" name="testCardIn" time="0"/>
</testsuite>